C:\Program Files (x86)\MSBuild\Microsoft.Cpp\v4.0\V140\Microsoft.CppBuild.targets(368,5): warning MSB8004: Output Directory does not end with a trailing slash.  This build instance will add the slash as it is required to allow proper evaluation of the Output Directory.
  FFmpegWriter.cc
FFmpegWriter.cc(167): warning C4996: 'strcpy': This function or variable may be unsafe. Consider using strcpy_s instead. To disable deprecation, use _CRT_SECURE_NO_WARNINGS. See online help for details.
  C:\Program Files (x86)\Windows Kits\10\Include\10.0.10240.0\ucrt\string.h(119): note: 参见“strcpy”的声明
FFmpegWriter.cc(173): warning C4996: 'strcpy': This function or variable may be unsafe. Consider using strcpy_s instead. To disable deprecation, use _CRT_SECURE_NO_WARNINGS. See online help for details.
  C:\Program Files (x86)\Windows Kits\10\Include\10.0.10240.0\ucrt\string.h(119): note: 参见“strcpy”的声明
FFmpegWriter.cc(169): warning C4996: 'strtok': This function or variable may be unsafe. Consider using strtok_s instead. To disable deprecation, use _CRT_SECURE_NO_WARNINGS. See online help for details.
  C:\Program Files (x86)\Windows Kits\10\Include\10.0.10240.0\ucrt\string.h(453): note: 参见“strtok”的声明
FFmpegWriter.cc(174): warning C4996: 'strtok': This function or variable may be unsafe. Consider using strtok_s instead. To disable deprecation, use _CRT_SECURE_NO_WARNINGS. See online help for details.
  C:\Program Files (x86)\Windows Kits\10\Include\10.0.10240.0\ucrt\string.h(453): note: 参见“strtok”的声明
FFmpegWriter.cc(185): warning C4996: 'sscanf': This function or variable may be unsafe. Consider using sscanf_s instead. To disable deprecation, use _CRT_SECURE_NO_WARNINGS. See online help for details.
  C:\Program Files (x86)\Windows Kits\10\Include\10.0.10240.0\ucrt\stdio.h(2254): note: 参见“sscanf”的声明
FFmpegWriter.cc(211): warning C4996: 'sscanf': This function or variable may be unsafe. Consider using sscanf_s instead. To disable deprecation, use _CRT_SECURE_NO_WARNINGS. See online help for details.
  C:\Program Files (x86)\Windows Kits\10\Include\10.0.10240.0\ucrt\stdio.h(2254): note: 参见“sscanf”的声明
FFmpegWriter.cc(339): warning C4996: 'strtok': This function or variable may be unsafe. Consider using strtok_s instead. To disable deprecation, use _CRT_SECURE_NO_WARNINGS. See online help for details.
  C:\Program Files (x86)\Windows Kits\10\Include\10.0.10240.0\ucrt\string.h(453): note: 参见“strtok”的声明
FFmpegWriter.cc(345): warning C4996: 'strtok': This function or variable may be unsafe. Consider using strtok_s instead. To disable deprecation, use _CRT_SECURE_NO_WARNINGS. See online help for details.
  C:\Program Files (x86)\Windows Kits\10\Include\10.0.10240.0\ucrt\string.h(453): note: 参见“strtok”的声明
FFmpegWriter.cc(400): warning C4244: “初始化”: 从“double”转换到“int64_t”，可能丢失数据
e:\workspace\video_process\ffmpeg_writer\ffmpeg_writer\msdk_encode.h(23): warning C4251: “CEncodeThread::m_impl”: class“std::thread”需要有 dll 接口由 class“CEncodeThread”的客户端使用
  D:\Program Files (x86)\Microsoft Visual Studio 14.0\VC\include\thread(32): note: 参见“std::thread”的声明
e:\workspace\video_process\ffmpeg_writer\ffmpeg_writer\msdk_encode.h(24): warning C4251: “CEncodeThread::m_source_callback”: class“std::function<int32_t (unsigned char *,int32_t)>”需要有 dll 接口由 class“CEncodeThread”的客户端使用
e:\workspace\video_process\ffmpeg_writer\ffmpeg_writer\msdk_encode.h(25): warning C4251: “CEncodeThread::m_sink_callback”: class“std::function<int32_t (unsigned char *,int32_t)>”需要有 dll 接口由 class“CEncodeThread”的客户端使用
FFmpegWriter.cc(487): warning C4996: 'fopen': This function or variable may be unsafe. Consider using fopen_s instead. To disable deprecation, use _CRT_SECURE_NO_WARNINGS. See online help for details.
  C:\Program Files (x86)\Windows Kits\10\Include\10.0.10240.0\ucrt\stdio.h(205): note: 参见“fopen”的声明
    正在创建库 ..\output\ffmpeg_writer.lib 和对象 ..\output\ffmpeg_writer.exp
  正在生成代码
  All 139 functions were compiled because no usable IPDB/IOBJ from previous compilation was found.
  已完成代码的生成
  ffmpeg_writer.vcxproj -> E:\workspace\video_process\ffmpeg_writer\ffmpeg_writer\..\output\ffmpeg_writer.dll
